Log file open, 11/02/14 19:19:46
LogInit:Display: Running engine for game: FancyThirdPersonGame
LogInit: Version: 4.5.1-2336687+++depot+UE4-Releases+4.5
LogInit: API Version: 2326478
LogInit: Compiled (64-bit): Oct 21 2014 22:32:40
LogInit: Compiled with Visual C++: 18.00.21005.01
LogInit: Build Configuration: Development
LogInit: Branch Name: ++depot+UE4-Releases+4.5
LogInit: Command line:  
LogInit: Base directory: D:/Epic Games/4.5/Engine/Binaries/Win64/
LogInit: Rocket: 1
[2014.11.02-18.19.46:544][  0]LogTaskGraph: Started task graph with 3 named threads and 4 total threads.
[2014.11.02-18.19.46:570][  0]LogOnline:Warning: No default platform service specified for OnlineSubsystem
[2014.11.02-18.19.46:585][  0]LogInit: Presizing for 0 objects not considered by GC, pre-allocating 0 bytes.
[2014.11.02-18.19.46:594][  0]LogInit: Object subsystem initialized
[2014.11.02-18.19.46:597][  0]LogConsoleResponse:Warning: Skipping Unknown console variable: 'UIScaleRule = ShortestSide'
[2014.11.02-18.19.46:597][  0]LogConsoleResponse:Warning:   Found in ini file 'D:/Projects/Unreal Engine 4/FancyThirdPersonGame/Saved/Config/Windows/Engine.ini', in section '[/Script/Engine.RendererSettings]'
[2014.11.02-18.19.46:597][  0]LogConsoleResponse:Warning: Skipping Unknown console variable: 'UIScaleCurve = (EditorCurveData=(Keys=((Time=480.000000,Value=0.444000),(Time=720.000000,Value=0.666000),(Time=1080.000000,Value=1.000000),(Time=8640.000000,Value=8.000000))),ExternalCurve=None)'
[2014.11.02-18.19.46:597][  0]LogConsoleResponse:Warning:   Found in ini file 'D:/Projects/Unreal Engine 4/FancyThirdPersonGame/Saved/Config/Windows/Engine.ini', in section '[/Script/Engine.RendererSettings]'
[2014.11.02-18.19.46:598][  0]LogInit: Selected Device Profile: [Windows]
[2014.11.02-18.19.46:598][  0]LogInit: Applying CVar settings loaded from the selected device profile: [Windows]
[2014.11.02-18.19.46:602][  0]LogInit: Computer: FANTA-PC
[2014.11.02-18.19.46:602][  0]LogInit: User: FANTA
[2014.11.02-18.19.46:604][  0]LogInit: CPU Page size=4096, Cores=4
[2014.11.02-18.19.46:604][  0]LogInit: High frequency timer resolution =3.233291 MHz
[2014.11.02-18.19.46:604][  0]LogMemory: Memory total: Physical=16.0GB (16GB approx) Virtual=8192.0GB
[2014.11.02-18.19.46:605][  0]LogMemory: Platform Memory Stats for Windows
[2014.11.02-18.19.46:605][  0]LogMemory: Process Physical Memory: 64.44 MB used, 64.44 MB peak
[2014.11.02-18.19.46:605][  0]LogMemory: Process Virtual Memory: 39.63 MB used, 39.63 MB peak
[2014.11.02-18.19.46:605][  0]LogMemory: Physical Memory: 8051.63 MB used, 16365.21 MB total
[2014.11.02-18.19.46:605][  0]LogMemory: Virtual Memory: 273.45 MB used, 8388608.00 MB total
[2014.11.02-18.19.46:627][  0]LogD3D11RHI: Found D3D11 adapter 0: NVIDIA GeForce GTX 560 Ti   (Feature Level 11_0)
[2014.11.02-18.19.46:627][  0]LogD3D11RHI: Adapter has 977MB of dedicated video memory, 0MB of dedicated system memory, and 3071MB of shared system memory, 2 output[s]
[2014.11.02-18.19.46:627][  0]LogD3D11RHI: Chosen D3D11 Adapter Id = 0
[2014.11.02-18.19.46:642][  0]LogRHI: Texture pool is 684 MB (70% of 977 MB)
[2014.11.02-18.19.46:651][  0]LogD3D11RHI: Async texture creation enabled
[2014.11.02-18.19.46:873][  0]LogContentStreaming: Texture pool size is 0.000000MB
[2014.11.02-18.19.51:414][  0]LogTargetPlatformManager:Display: Building Assets For Windows
[2014.11.02-18.19.51:785][  0]LogTargetPlatformManager:Display: Building Assets For Windows
[2014.11.02-18.19.51:829][  0]LogDerivedDataCache:Display: Max Cache Size: 512 MB
[2014.11.02-18.19.51:893][  0]LogDerivedDataCache: Loaded boot cache 0.06s 39MB C:/Users/FANTA/AppData/Local/UnrealEngine/4.5/DerivedDataCache/Boot.ddc.
[2014.11.02-18.19.51:893][  0]LogDerivedDataCache:Display: Loaded Boot cache: C:/Users/FANTA/AppData/Local/UnrealEngine/4.5/DerivedDataCache/Boot.ddc
[2014.11.02-18.19.51:893][  0]LogDerivedDataCache: FDerivedDataBackendGraph:  Pak pak cache file ../../../../../Projects/Unreal Engine 4/FancyThirdPersonGame/DerivedDataCache/DDC.ddp not found, will not use a pak cache.
[2014.11.02-18.19.51:893][  0]LogDerivedDataCache: Unable to find inner node Pak for hierarchical cache Hierarchy.
[2014.11.02-18.19.51:958][  0]LogDerivedDataCache:Display: Pak cache opened for reading ../../../Engine/DerivedDataCache/DDC.ddp.
[2014.11.02-18.19.51:970][  0]LogDerivedDataCache: Using Local data cache path C:/Users/FANTA/AppData/Local/UnrealEngine/Common/DerivedDataCache: Writable
[2014.11.02-18.19.52:129][  0]LogMeshUtilities: No automatic mesh reduction module available
[2014.11.02-18.19.52:129][  0]LogMeshUtilities: No automatic mesh merging module available
[2014.11.02-18.19.52:412][  0]LogLinker:Warning: Asset '../../../Engine/Content/Functions/Engine_MaterialFunctions02/Texturing/FlipBook.uasset' has been saved with empty engine version. The asset will be loaded but may be incompatible.
[2014.11.02-18.19.52:415][  0]LogLinker:Warning: Asset '../../../Engine/Content/Functions/Engine_MaterialFunctions02/ExampleContent/Textures/flipbook.uasset' has been saved with empty engine version. The asset will be loaded but may be incompatible.
[2014.11.02-18.19.52:581][  0]LogInit: WinSock: version 1.1 (2.2), MaxSocks=32767, MaxUdp=65467
[2014.11.02-18.19.53:275][  0]UdpMessaging: Initializing bridge on interface 0.0.0.0:0 to multicast group 230.0.0.1:6666.
[2014.11.02-18.19.53:614][  0]LogDirectoryWatcher:Warning: Failed to begin reading directory changes for D:/Projects/Unreal Engine 4/FancyThirdPersonGame/Binaries/Win64. Error: 0
[2014.11.02-18.19.53:730][  0]SourceControl: Info Source control is disabled
[2014.11.02-18.19.53:730][  0]SourceControl: Info Source control is disabled
[2014.11.02-18.19.53:735][  0]SourceControl: Info Source control is disabled
[2014.11.02-18.19.54:149][  0]LogObj: 22915 objects as part of root set at end of initial load.
[2014.11.02-18.19.54:149][  0]LogUObjectAllocator: 4803536 out of 0 bytes used by permanent object pool.
[2014.11.02-18.19.54:200][  0]LogEngine: Initializing Engine...
[2014.11.02-18.19.54:383][  0]LogInit: XAudio2 using 'Línea (Steinberg CI2)' : 2 channels at 48 kHz using 24 bits per sample (channel mask 0x3)
[2014.11.02-18.19.54:387][  0]LogInit: FAudioDevice initialized.
[2014.11.02-18.19.54:403][  0]LogAIModule: Creating AISystem for world NewWorld
[2014.11.02-18.19.54:435][  0]LogDerivedDataCache: Saved boot cache 0.03s 39MB C:/Users/FANTA/AppData/Local/UnrealEngine/4.5/DerivedDataCache/Boot.ddc.
[2014.11.02-18.19.54:441][  0]LogInit: Texture streaming: Enabled
[2014.11.02-18.19.54:486][  0]LogInit: Transaction tracking system initialized
[2014.11.02-18.19.54:652][  0]BlueprintLog: New page: Editor Load
[2014.11.02-18.19.54:701][  0]LogAssetRegistry: FAssetRegistry took 0.0103 seconds to start up
[2014.11.02-18.19.54:701][  0]LogDirectoryWatcher:Warning: Failed to begin reading directory changes for ../../../Engine/Plugins/Experimental/CharacterAI/Content/. Error: 0
[2014.11.02-18.19.55:238][  0]LogTargetPlatformManager:Display: Building Assets For Windows
[2014.11.02-18.19.55:560][  0]LogTargetPlatformManager:Display: Building Assets For Windows
[2014.11.02-18.19.56:226][  0]LogConsoleResponse:Display: 
[2014.11.02-18.19.57:213][  0]SourceControl: Info Source control is disabled
[2014.11.02-18.20.39:526][  0]Cmd: MAP LOAD FILE="../../../../../Projects/Unreal Engine 4/FancyThirdPersonGame/Content/StarterContent/Advanced_Lighting.umap" TEMPLATE=0 SHOWPROGRESS=1
[2014.11.02-18.20.39:527][  0]LightingResults: New page: Lighting Build
[2014.11.02-18.20.39:534][  0]MapCheck: New page: Map Check
[2014.11.02-18.20.39:534][  0]LightingResults: New page: Lighting Build
[2014.11.02-18.20.39:556][  0]LogParticles: Destroying 0 GPU particle simulations for FXSystem 0x0000000016C9A840
[2014.11.02-18.20.40:156][  0]LogEditorServer: Finished looking for orphan Actors (0.000 secs)
[2014.11.02-18.20.40:156][  0]LogAIModule: Creating AISystem for world Advanced_Lighting
[2014.11.02-18.20.40:156][  0]Cmd: MAP CHECKDEP
[2014.11.02-18.20.40:157][  0]MapCheck: New page: Advanced_Lighting - Nov 2, 2014, 8:20:40 PM
[2014.11.02-18.20.40:229][  0]MapCheck: Info Map check complete: 0 Error(s), 0 Warning(s), took 72.75ms to complete.
[2014.11.02-18.20.40:230][  0]LogFileHelpers: Loading map 'Advanced_Lighting' took 0.703
[2014.11.02-18.20.40:326][  0]LogStats:Warning: MetaData mismatch. Did you assign a stat to two groups? New //STATGROUP_Threads//SplashScreenThread///Thread_8d60_0///////STATCAT_Advanced//// old //STATGROUP_Threads//SplashScreenThread///Thread_73fc_0///////STATCAT_Advanced////
[2014.11.02-18.20.40:326][  0]LogCollectionManager: Loaded 0 collections in 0.000846 seconds
[2014.11.02-18.20.40:520][  0]LogCrashTracker: Crashtracker disabled due to settings.
[2014.11.02-18.20.40:538][  0]LogUObjectGlobals:Warning: Failed to find object 'Class None.'
[2014.11.02-18.20.40:562][  0]LogLoad: Full Startup: 56.04 seconds (BP compile: 0.19 seconds)
[2014.11.02-18.20.40:576][  0]LogContentBrowser:Verbose: The content browser source was changed by the sources view to '/Game/Character/Animations'
[2014.11.02-18.20.40:863][  0]LogRenderer:Warning: Reallocating scene render targets to support 1136x912.
[2014.11.02-18.20.41:244][  2]LogAssetRegistry: Asset discovery search completed in 46.5519 seconds
[2014.11.02-18.20.50:142][338]LogSkeletalMesh: InitArticulated: Bodies already created (/Engine/Transient.DebugSkelMeshComponent_0) - call TermArticulated first.
[2014.11.02-18.20.50:243][338]LogContentBrowser:Verbose: The majority of assets in the view are of type: AnimSequence
[2014.11.02-18.21.20:900][166]LogWindowsTextInputMethodSystem:Error: Deactivating a context failed while setting focus to the disabled TSF document manager.
[2014.11.02-18.21.23:158][336]LogSavePackage: Save=357.123444ms
[2014.11.02-18.21.23:158][336]LogSavePackage: Moving '../../../../../Projects/Unreal Engine 4/FancyThirdPersonGame/Saved/PunchingMontage578BEEF747ACDD64008FA79357809E8A.tmp' to '../../../../../Projects/Unreal Engine 4/FancyThirdPersonGame/Content/Character/Animations/PunchingMontage.uasset'
[2014.11.02-18.21.34:704][428]LogWindowsTextInputMethodSystem:Error: Deactivating a context failed while setting focus to the disabled TSF document manager.
[2014.11.02-18.21.37:092][654]LogSavePackage: Save=4.846146ms
[2014.11.02-18.21.37:092][654]LogSavePackage: Moving '../../../../../Projects/Unreal Engine 4/FancyThirdPersonGame/Saved/PunchingMontage49D5AC3741DD50DD6A2560BE4A194931.tmp' to '../../../../../Projects/Unreal Engine 4/FancyThirdPersonGame/Content/Character/Animations/PunchingMontage.uasset'
[2014.11.02-18.22.28:472][463]LogWindowsTextInputMethodSystem:Error: Deactivating a context failed while setting focus to the disabled TSF document manager.
[2014.11.02-18.22.52:799][726]LogWindowsTextInputMethodSystem:Error: Deactivating a context failed while setting focus to the disabled TSF document manager.
[2014.11.02-18.23.03:446][712]LogSavePackage: Save=4.539647ms
[2014.11.02-18.23.03:446][712]LogSavePackage: Moving '../../../../../Projects/Unreal Engine 4/FancyThirdPersonGame/Saved/PunchingMontage523D25534EDAC3B89D3B48889C6375E7.tmp' to '../../../../../Projects/Unreal Engine 4/FancyThirdPersonGame/Content/Character/Animations/PunchingMontage.uasset'
[2014.11.02-18.23.35:346][545]LogSavePackage: Save=4.304902ms
[2014.11.02-18.23.35:346][545]LogSavePackage: Moving '../../../../../Projects/Unreal Engine 4/FancyThirdPersonGame/Saved/PunchingMontage22696C8B4BC02D099FE4E99B45BD7F1F.tmp' to '../../../../../Projects/Unreal Engine 4/FancyThirdPersonGame/Content/Character/Animations/PunchingMontage.uasset'
[2014.11.02-18.25.47:037][245]LogSavePackage: Save=4.298716ms
[2014.11.02-18.25.47:037][245]LogSavePackage: Moving '../../../../../Projects/Unreal Engine 4/FancyThirdPersonGame/Saved/PunchingMontage49A08C024A1B0A9E243DBDA1D50227B3.tmp' to '../../../../../Projects/Unreal Engine 4/FancyThirdPersonGame/Content/Character/Animations/PunchingMontage.uasset'
[2014.11.02-18.26.14:767][730]LogWindowsTextInputMethodSystem:Error: Deactivating a context failed while setting focus to the disabled TSF document manager.
[2014.11.02-18.26.38:295][8